\BOOKMARK [1][-]{section*.3}{Abstract}{}% 1
\BOOKMARK [1][-]{section.1}{1 Introduction}{}% 2
\BOOKMARK [2][-]{subsection.1.1}{1.1 Motivation}{section.1}% 3
\BOOKMARK [2][-]{subsection.1.2}{1.2 Context Free Grammar in Chromsky Normal Form}{section.1}% 4
\BOOKMARK [2][-]{subsection.1.3}{1.3 General approaches}{section.1}% 5
\BOOKMARK [3][-]{subsubsection.1.3.1}{1.3.1 Forward Problem \046 Backward Problem}{subsection.1.3}% 6
\BOOKMARK [3][-]{subsubsection.1.3.2}{1.3.2 Parsing Bottom-Up \046 Top-Down}{subsection.1.3}% 7
\BOOKMARK [2][-]{subsection.1.4}{1.4 Data Structure Pyramid}{section.1}% 8
\BOOKMARK [2][-]{subsection.1.5}{1.5 Cocke-Younger-Kasami Algorithm}{section.1}% 9
\BOOKMARK [2][-]{subsection.1.6}{1.6 Success Rates}{section.1}% 10
\BOOKMARK [1][-]{section.2}{2 Algorithms}{}% 11
\BOOKMARK [2][-]{subsection.2.1}{2.1 Sub modules}{section.2}% 12
\BOOKMARK [2][-]{subsection.2.2}{2.2 DiceRollOnlyCYK}{section.2}% 13
\BOOKMARK [2][-]{subsection.2.3}{2.3 BottomUpDiceRollVar1}{section.2}% 14
\BOOKMARK [2][-]{subsection.2.4}{2.4 BottomUpDiceRollVar2}{section.2}% 15
\BOOKMARK [2][-]{subsection.2.5}{2.5 SplitThenFill}{section.2}% 16
\BOOKMARK [2][-]{subsection.2.6}{2.6 SplitAndFill}{section.2}% 17
\BOOKMARK [2][-]{subsection.2.7}{2.7 Comparision of Algorithms}{section.2}% 18
\BOOKMARK [1][-]{section.3}{3 CLI Tool}{}% 19
\BOOKMARK [2][-]{subsection.3.1}{3.1 Scoring Model}{section.3}% 20
\BOOKMARK [2][-]{subsection.3.2}{3.2 Exam Exercises}{section.3}% 21
\BOOKMARK [2][-]{subsection.3.3}{3.3 Overview}{section.3}% 22
\BOOKMARK [1][-]{subsection.3.3}{References}{}% 23
