\BOOKMARK [1][-]{section.1}{1 Introduction}{}% 1
\BOOKMARK [2][-]{subsection.1.1}{1.1 Forward Problem vs. Backward Problem}{section.1}% 2
\BOOKMARK [2][-]{subsection.1.2}{1.2 Parsing: Bottom-Up vs Top-Down}{section.1}% 3
\BOOKMARK [2][-]{subsection.1.3}{1.3 Scope of this thesis}{section.1}% 4
\BOOKMARK [1][-]{section.2}{2 Simple Scoring Model}{}% 5
\BOOKMARK [2][-]{subsection.2.1}{2.1 Elimination Criteria and Selection Criteria}{section.2}% 6
\BOOKMARK [2][-]{subsection.2.2}{2.2 Weighting of the criteria}{section.2}% 7
\BOOKMARK [2][-]{subsection.2.3}{2.3 Direct Ranking vs. Preference Analysis vs. ...}{section.2}% 8
\BOOKMARK [1][-]{section.3}{3 Algorithms}{}% 9
\BOOKMARK [2][-]{subsection.3.1}{3.1 Help Data Structure Pyramid and others}{section.3}% 10
\BOOKMARK [2][-]{subsection.3.2}{3.2 Exam Exercise Generating Algorithms}{section.3}% 11
\BOOKMARK [3][-]{subsubsection.3.2.1}{3.2.1 Sub Procedures}{subsection.3.2}% 12
\BOOKMARK [3][-]{subsubsection.3.2.2}{3.2.2 Alg: GeneratorGrammarDiceRollOnly}{subsection.3.2}% 13
\BOOKMARK [3][-]{subsubsection.3.2.3}{3.2.3 Alg: BottomUp GeneratorGrammarDiceRollMartens1}{subsection.3.2}% 14
\BOOKMARK [3][-]{subsubsection.3.2.4}{3.2.4 Alg: BottomUp GeneratorGrammarDiceRollMartens2}{subsection.3.2}% 15
\BOOKMARK [3][-]{subsubsection.3.2.5}{3.2.5 Alg: TopDown From node to leaves}{subsection.3.2}% 16
\BOOKMARK [3][-]{subsubsection.3.2.6}{3.2.6 Alg: How often cells are used for subset calculations}{subsection.3.2}% 17
\BOOKMARK [2][-]{subsection.3.3}{3.3 Criteria Checking Procedures}{section.3}% 18
\BOOKMARK [1][-]{section.4}{4 CLI Tool}{}% 19
\BOOKMARK [2][-]{subsection.4.1}{4.1 Short Requirements Specification}{section.4}% 20
\BOOKMARK [2][-]{subsection.4.2}{4.2 Overview - UML}{section.4}% 21
\BOOKMARK [3][-]{subsubsection.4.2.1}{4.2.1 UML: More Detail 1}{subsection.4.2}% 22
\BOOKMARK [3][-]{subsubsection.4.2.2}{4.2.2 UML: More Detail 2}{subsection.4.2}% 23
\BOOKMARK [2][-]{subsection.4.3}{4.3 User Interaction}{section.4}% 24
\BOOKMARK [3][-]{subsubsection.4.3.1}{4.3.1 Use Case 1}{subsection.4.3}% 25
\BOOKMARK [3][-]{subsubsection.4.3.2}{4.3.2 Use Case i}{subsection.4.3}% 26
\BOOKMARK [1][-]{section.5}{5 Notes}{}% 27
\BOOKMARK [1][-]{section.5}{Used software}{}% 28
\BOOKMARK [1][-]{section*.6}{Listings}{}% 29
\BOOKMARK [1][-]{section*.7}{Tables}{}% 30
\BOOKMARK [1][-]{section*.8}{References}{}% 31
