\BOOKMARK [1][-]{section.1}{1 Preface}{}% 1
\BOOKMARK [1][-]{section.2}{2 Methods}{}% 2
\BOOKMARK [1][-]{section.3}{3 Overview of technologies}{}% 3
\BOOKMARK [2][-]{subsection.3.1}{3.1 Object Relational Mappers}{section.3}% 4
\BOOKMARK [2][-]{subsection.3.2}{3.2 JPA}{section.3}% 5
\BOOKMARK [2][-]{subsection.3.3}{3.3 Fulltext search engines}{section.3}% 6
\BOOKMARK [3][-]{subsubsection.3.3.1}{3.3.1 Lucene}{subsection.3.3}% 7
\BOOKMARK [4][-]{paragraph.3.3.1.1}{3.3.1.1 Concepts}{subsubsection.3.3.1}% 8
\BOOKMARK [4][-]{paragraph.3.3.1.2}{3.3.1.2 Usage}{subsubsection.3.3.1}% 9
\BOOKMARK [4][-]{paragraph.3.3.1.3}{3.3.1.3 Features}{subsubsection.3.3.1}% 10
\BOOKMARK [3][-]{subsubsection.3.3.2}{3.3.2 Fulltext search servers: ElasticSearch and Solr}{subsection.3.3}% 11
\BOOKMARK [4][-]{paragraph.3.3.2.1}{3.3.2.1 Usage}{subsubsection.3.3.2}% 12
\BOOKMARK [4][-]{paragraph.3.3.2.2}{3.3.2.2 Features}{subsubsection.3.3.2}% 13
\BOOKMARK [3][-]{subsubsection.3.3.3}{3.3.3 Hibernate Search}{subsection.3.3}% 14
\BOOKMARK [4][-]{paragraph.3.3.3.1}{3.3.3.1 Usage}{subsubsection.3.3.3}% 15
\BOOKMARK [4][-]{paragraph.3.3.3.2}{3.3.3.2 Features}{subsubsection.3.3.3}% 16
\BOOKMARK [3][-]{subsubsection.3.3.4}{3.3.4 Why a generic Hibernate Search?}{subsection.3.3}% 17
\BOOKMARK [1][-]{section.4}{4 Challenges}{}% 18
\BOOKMARK [2][-]{subsection.4.1}{4.1 The example project}{section.4}% 19
\BOOKMARK [2][-]{subsection.4.2}{4.2 Standalone version}{section.4}% 20
\BOOKMARK [2][-]{subsection.4.3}{4.3 JPA integration}{section.4}% 21
\BOOKMARK [2][-]{subsection.4.4}{4.4 Automatic index updating}{section.4}% 22
\BOOKMARK [2][-]{subsection.4.5}{4.5 Timeline}{section.4}% 23
\BOOKMARK [1][-]{section.5}{5 Standalone version of Hibernate Search}{}% 24
\BOOKMARK [2][-]{subsection.5.1}{5.1 Example project with Hibernate Search annotations}{section.5}% 25
\BOOKMARK [2][-]{subsection.5.2}{5.2 Usage of Hibernate Search's engine}{section.5}% 26
\BOOKMARK [3][-]{subsubsection.5.2.1}{5.2.1 Startup}{subsection.5.2}% 27
\BOOKMARK [3][-]{subsubsection.5.2.2}{5.2.2 Index manipulation}{subsection.5.2}% 28
\BOOKMARK [3][-]{subsubsection.5.2.3}{5.2.3 Queries}{subsection.5.2}% 29
\BOOKMARK [2][-]{subsection.5.3}{5.3 Design of the standalone version}{section.5}% 30
\BOOKMARK [3][-]{subsubsection.5.3.1}{5.3.1 Startup}{subsection.5.3}% 31
\BOOKMARK [3][-]{subsubsection.5.3.2}{5.3.2 Index manipulation}{subsection.5.3}% 32
\BOOKMARK [3][-]{subsubsection.5.3.3}{5.3.3 Queries}{subsection.5.3}% 33
\BOOKMARK [1][-]{section.6}{6 JPA integration of the standalone version}{}% 34
\BOOKMARK [2][-]{subsection.6.1}{6.1 Architecture of Hibernate Search ORM}{section.6}% 35
\BOOKMARK [3][-]{subsubsection.6.1.1}{6.1.1 Startup}{subsection.6.1}% 36
\BOOKMARK [3][-]{subsubsection.6.1.2}{6.1.2 Index manipulation}{subsection.6.1}% 37
\BOOKMARK [3][-]{subsubsection.6.1.3}{6.1.3 Queries}{subsection.6.1}% 38
\BOOKMARK [3][-]{subsubsection.6.1.4}{6.1.4 Index rebuilds}{subsection.6.1}% 39
\BOOKMARK [2][-]{subsection.6.2}{6.2 Architecture of the generic version}{section.6}% 40
\BOOKMARK [3][-]{subsubsection.6.2.1}{6.2.1 Startup}{subsection.6.2}% 41
\BOOKMARK [3][-]{subsubsection.6.2.2}{6.2.2 Index manipulation}{subsection.6.2}% 42
\BOOKMARK [3][-]{subsubsection.6.2.3}{6.2.3 Queries}{subsection.6.2}% 43
\BOOKMARK [3][-]{subsubsection.6.2.4}{6.2.4 Index rebuilds}{subsection.6.2}% 44
\BOOKMARK [1][-]{section.7}{7 Automatic index updating}{}% 45
\BOOKMARK [2][-]{subsection.7.1}{7.1 Description of different implementations}{section.7}% 46
\BOOKMARK [3][-]{subsubsection.7.1.1}{7.1.1 Synchronous approach}{subsection.7.1}% 47
\BOOKMARK [4][-]{paragraph.7.1.1.1}{7.1.1.1 JPA events}{subsubsection.7.1.1}% 48
\BOOKMARK [4][-]{paragraph.7.1.1.2}{7.1.1.2 Native integration with JPA providers}{subsubsection.7.1.1}% 49
\BOOKMARK [3][-]{subsubsection.7.1.2}{7.1.2 Asynchronous approach}{subsection.7.1}% 50
\BOOKMARK [4][-]{paragraph.7.1.2.1}{7.1.2.1 Trigger architecture}{subsubsection.7.1.2}% 51
\BOOKMARK [4][-]{paragraph.7.1.2.2}{7.1.2.2 Table creation}{subsubsection.7.1.2}% 52
\BOOKMARK [4][-]{paragraph.7.1.2.3}{7.1.2.3 Event retrieval}{subsubsection.7.1.2}% 53
\BOOKMARK [2][-]{subsection.7.2}{7.2 Comparison of approaches}{section.7}% 54
\BOOKMARK [3][-]{subsubsection.7.2.1}{7.2.1 Additional work}{subsection.7.2}% 55
\BOOKMARK [3][-]{subsubsection.7.2.2}{7.2.2 Features}{subsection.7.2}% 56
\BOOKMARK [3][-]{subsubsection.7.2.3}{7.2.3 Summary}{subsection.7.2}% 57
\BOOKMARK [1][-]{section.8}{8 Usage of Hibernate Search GenericJPA}{}% 58
\BOOKMARK [2][-]{subsection.8.1}{8.1 Dependencies}{section.8}% 59
\BOOKMARK [2][-]{subsection.8.2}{8.2 Entities}{section.8}% 60
\BOOKMARK [2][-]{subsection.8.3}{8.3 persistence.xml}{section.8}% 61
\BOOKMARK [2][-]{subsection.8.4}{8.4 Code usage example}{section.8}% 62
\BOOKMARK [1][-]{section.9}{9 Outlook}{}% 63
\BOOKMARK [1][-]{section.9}{Used software}{}% 64
\BOOKMARK [1][-]{section*.28}{Listings}{}% 65
\BOOKMARK [1][-]{lstnumber.47.161}{Tables}{}% 66
\BOOKMARK [1][-]{table.caption.31}{References}{}% 67
