This is pdfTeX, Version 3.14159265-2.6-1.40.18 (MiKTeX 2.9.6300 64-bit) (preloaded format=pdflatex 2017.6.1)  1 AUG 2017 16:41
entering extended mode
**C:/Users/AndreasBraun/Documents/BachelorThesis/BachelorThesisCYK/exercise/exe
rciseLatex.tex

(C:/Users/AndreasBraun/Documents/BachelorThesis/BachelorThesisCYK/exercise/exer
ciseLatex.tex
LaTeX2e <2017-04-15>
Babel <3.9r> and hyphenation patterns for 75 language(s) loaded.
("C:\Program Files\MiKTeX 2.9\tex\latex\koma-script\scrartcl.cls"
Document Class: scrartcl 2017/04/13 v3.23 KOMA-Script document class (article)
("C:\Program Files\MiKTeX 2.9\tex\latex\koma-script\scrkbase.sty"
Package: scrkbase 2017/04/13 v3.23 KOMA-Script package (KOMA-Script-dependent b
asics and keyval usage)

("C:\Program Files\MiKTeX 2.9\tex\latex\koma-script\scrbase.sty"
Package: scrbase 2017/04/13 v3.23 KOMA-Script package (KOMA-Script-independent 
basics and keyval usage)

("C:\Program Files\MiKTeX 2.9\tex\latex\graphics\keyval.sty"
Package: keyval 2014/10/28 v1.15 key=value parser (DPC)
\KV@toks@=\toks14
)
("C:\Program Files\MiKTeX 2.9\tex\latex\koma-script\scrlfile.sty"
Package: scrlfile 2017/04/13 v3.23 KOMA-Script package (loading files)

Package scrlfile, 2017/04/13 v3.23 KOMA-Script package (loading files)
                  Copyright (C) Markus Kohm

))) ("C:\Program Files\MiKTeX 2.9\tex\latex\koma-script\tocbasic.sty"
Package: tocbasic 2017/04/13 v3.23 KOMA-Script package (handling toc-files)
\scr@dte@tocline@numberwidth=\skip41
\scr@dte@tocline@numbox=\box26
)
Package tocbasic Info: omitting babel extension for `toc'
(tocbasic)             because of feature `nobabel' available
(tocbasic)             for `toc' on input line 131.
Package tocbasic Info: omitting babel extension for `lof'
(tocbasic)             because of feature `nobabel' available
(tocbasic)             for `lof' on input line 133.
Package tocbasic Info: omitting babel extension for `lot'
(tocbasic)             because of feature `nobabel' available
(tocbasic)             for `lot' on input line 134.
Package scrartcl Info: You've used standard option `12pt'.
(scrartcl)             This is correct!
(scrartcl)             Internally I'm using `fontsize=12pt'.
(scrartcl)             If you'd like to set the option with \KOMAoptions,
(scrartcl)             you'd have to use `fontsize=12pt' there
(scrartcl)             instead of `12pt', too.
Class scrartcl Info: File `scrsize12pt.clo' used to setup font sizes on input l
ine 2059.

("C:\Program Files\MiKTeX 2.9\tex\latex\koma-script\scrsize12pt.clo"
File: scrsize12pt.clo 2017/04/13 v3.23 KOMA-Script font size class option (12pt
)
)
("C:\Program Files\MiKTeX 2.9\tex\latex\koma-script\typearea.sty"
Package: typearea 2017/04/13 v3.23 KOMA-Script package (type area)
\ta@bcor=\skip42
\ta@div=\count79
Package typearea Info: You've used standard option `a4paper'.
(typearea)             This is correct!
(typearea)             Internally I'm using `paper=a4'.
(typearea)             If you'd like to set the option with \KOMAoptions,
(typearea)             you'd have to use `paper=a4' there
(typearea)             instead of `a4paper', too.
\ta@hblk=\skip43
\ta@vblk=\skip44
\ta@temp=\skip45
\footheight=\skip46
Package typearea Info: These are the values describing the layout:
(typearea)             DIV  = 12
(typearea)             BCOR = 0.0pt
(typearea)             \paperwidth      = 597.50793pt
(typearea)              \textwidth      = 448.13095pt
(typearea)              DIV departure   = -6%
(typearea)              \evensidemargin = 2.4185pt
(typearea)              \oddsidemargin  = 2.4185pt
(typearea)             \paperheight     = 845.04694pt
(typearea)              \textheight     = 606.5pt
(typearea)              \topmargin      = -1.84941pt
(typearea)              \headheight     = 18.125pt
(typearea)              \headsep        = 21.75pt
(typearea)              \topskip        = 12.0pt
(typearea)              \footskip       = 50.75pt
(typearea)              \baselineskip   = 14.5pt
(typearea)              on input line 1647.
)
\c@part=\count80
\c@section=\count81
\c@subsection=\count82
\c@subsubsection=\count83
\c@paragraph=\count84
\c@subparagraph=\count85
\scr@dte@part@maxnumwidth=\skip47
\scr@dte@section@maxnumwidth=\skip48
\scr@dte@subsection@maxnumwidth=\skip49
\scr@dte@subsubsection@maxnumwidth=\skip50
\scr@dte@paragraph@maxnumwidth=\skip51
\scr@dte@subparagraph@maxnumwidth=\skip52
LaTeX Info: Redefining \textsubscript on input line 4094.
\abovecaptionskip=\skip53
\belowcaptionskip=\skip54
\c@pti@nb@sid@b@x=\box27
\c@figure=\count86
\c@table=\count87
Class scrartcl Info: Redefining `\numberline' on input line 5233.
\bibindent=\dimen102
)
("C:\Program Files\MiKTeX 2.9\tex\latex\pgf\frontendlayer\tikz.sty"
("C:\Program Files\MiKTeX 2.9\tex\latex\pgf\basiclayer\pgf.sty"
("C:\Program Files\MiKTeX 2.9\tex\latex\pgf\utilities\pgfrcs.sty"
("C:\Program Files\MiKTeX 2.9\tex\generic\pgf\utilities\pgfutil-common.tex"
\pgfutil@everybye=\toks15
\pgfutil@tempdima=\dimen103
\pgfutil@tempdimb=\dimen104

("C:\Program Files\MiKTeX 2.9\tex\generic\pgf\utilities\pgfutil-common-lists.te
x")) ("C:\Program Files\MiKTeX 2.9\tex\generic\pgf\utilities\pgfutil-latex.def"
\pgfutil@abb=\box28
("C:\Program Files\MiKTeX 2.9\tex\latex\ms\everyshi.sty"
Package: everyshi 2001/05/15 v3.00 EveryShipout Package (MS)
))
("C:\Program Files\MiKTeX 2.9\tex\generic\pgf\utilities\pgfrcs.code.tex"
Package: pgfrcs 2015/08/07 v3.0.1a (rcs-revision 1.31)
))
Package: pgf 2015/08/07 v3.0.1a (rcs-revision 1.15)

("C:\Program Files\MiKTeX 2.9\tex\latex\pgf\basiclayer\pgfcore.sty"
("C:\Program Files\MiKTeX 2.9\tex\latex\graphics\graphicx.sty"
Package: graphicx 2014/10/28 v1.0g Enhanced LaTeX Graphics (DPC,SPQR)

("C:\Program Files\MiKTeX 2.9\tex\latex\graphics\graphics.sty"
Package: graphics 2017/04/14 v1.1b Standard LaTeX Graphics (DPC,SPQR)

("C:\Program Files\MiKTeX 2.9\tex\latex\graphics\trig.sty"
Package: trig 2016/01/03 v1.10 sin cos tan (DPC)
)
("C:\Program Files\MiKTeX 2.9\tex\latex\graphics-cfg\graphics.cfg"
File: graphics.cfg 2016/06/04 v1.11 sample graphics configuration
)
Package graphics Info: Driver file: pdftex.def on input line 99.

("C:\Program Files\MiKTeX 2.9\tex\latex\graphics-def\pdftex.def"
File: pdftex.def 2017/01/12 v0.06k Graphics/color for pdfTeX

("C:\Program Files\MiKTeX 2.9\tex\generic\oberdiek\infwarerr.sty"
Package: infwarerr 2016/05/16 v1.4 Providing info/warning/error messages (HO)
)
("C:\Program Files\MiKTeX 2.9\tex\generic\oberdiek\ltxcmds.sty"
Package: ltxcmds 2016/05/16 v1.23 LaTeX kernel commands for general use (HO)
)
\Gread@gobject=\count88
))
\Gin@req@height=\dimen105
\Gin@req@width=\dimen106
)
("C:\Program Files\MiKTeX 2.9\tex\latex\pgf\systemlayer\pgfsys.sty"
("C:\Program Files\MiKTeX 2.9\tex\generic\pgf\systemlayer\pgfsys.code.tex"
Package: pgfsys 2014/07/09 v3.0.1a (rcs-revision 1.48)

("C:\Program Files\MiKTeX 2.9\tex\generic\pgf\utilities\pgfkeys.code.tex"
\pgfkeys@pathtoks=\toks16
\pgfkeys@temptoks=\toks17

("C:\Program Files\MiKTeX 2.9\tex\generic\pgf\utilities\pgfkeysfiltered.code.te
x"
\pgfkeys@tmptoks=\toks18
))
\pgf@x=\dimen107
\pgf@y=\dimen108
\pgf@xa=\dimen109
\pgf@ya=\dimen110
\pgf@xb=\dimen111
\pgf@yb=\dimen112
\pgf@xc=\dimen113
\pgf@yc=\dimen114
\w@pgf@writea=\write3
\r@pgf@reada=\read1
\c@pgf@counta=\count89
\c@pgf@countb=\count90
\c@pgf@countc=\count91
\c@pgf@countd=\count92
\t@pgf@toka=\toks19
\t@pgf@tokb=\toks20
\t@pgf@tokc=\toks21
 ("C:\Program Files\MiKTeX 2.9\tex\generic\pgf\systemlayer\pgf.cfg"
File: pgf.cfg 2008/05/14  (rcs-revision 1.7)
)
Driver file for pgf: pgfsys-pdftex.def

("C:\Program Files\MiKTeX 2.9\tex\generic\pgf\systemlayer\pgfsys-pdftex.def"
File: pgfsys-pdftex.def 2014/10/11  (rcs-revision 1.35)

("C:\Program Files\MiKTeX 2.9\tex\generic\pgf\systemlayer\pgfsys-common-pdf.def
"
File: pgfsys-common-pdf.def 2013/10/10  (rcs-revision 1.13)
)))
("C:\Program Files\MiKTeX 2.9\tex\generic\pgf\systemlayer\pgfsyssoftpath.code.t
ex"
File: pgfsyssoftpath.code.tex 2013/09/09  (rcs-revision 1.9)
\pgfsyssoftpath@smallbuffer@items=\count93
\pgfsyssoftpath@bigbuffer@items=\count94
)
("C:\Program Files\MiKTeX 2.9\tex\generic\pgf\systemlayer\pgfsysprotocol.code.t
ex"
File: pgf